# JRE version: Java(TM) SE Runtime Environment (8.0_181-b13) (build 1.8.0_181-b13)
# Java VM: Java HotSpot(TM) 64-Bit Server VM (25.181-b13 mixed mode linux-amd64 compressed oops)
Heap:
 PSYoungGen      total 30720K, used 8498K [0x00000000ebb80000, 0x00000000ee380000, 0x0000000100000000)
  eden space 29696K, 25% used [0x00000000ebb80000,0x00000000ec305b18,0x00000000ed880000)
  from space 1024K, 77% used [0x00000000ed900000,0x00000000ed9c6e20,0x00000000eda00000)
  to   space 5632K, 0% used [0x00000000ede00000,0x00000000ede00000,0x00000000ee380000)
 ParOldGen       total 42496K, used 13257K [0x00000000c3200000, 0x00000000c5b80000, 0x00000000ebb80000)
  object space 42496K, 31% used [0x00000000c3200000,0x00000000c3ef26f0,0x00000000c5b80000)
 Metaspace       used 8888K, capacity 9164K, committed 9216K, reserved 1056768K
  class space    used 916K, capacity 980K, committed 1024K, reserved 1048576K
GC Heap History (10 events):
Event: 1,971 GC heap before
{Heap before GC invocations=3 (full 0):
 PSYoungGen      total 18432K, used 16701K [0x00000000ebb80000, 0x00000000ed000000, 0x0000000100000000)
  eden space 15872K, 91% used [0x00000000ebb80000,0x00000000ec9c02c8,0x00000000ecb00000)
  from space 2560K, 82% used [0x00000000ecd80000,0x00000000ecf8f158,0x00000000ed000000)
  to   space 2560K, 0% used [0x00000000ecb00000,0x00000000ecb00000,0x00000000ecd80000)
 ParOldGen       total 42496K, used 9825K [0x00000000c3200000, 0x00000000c5b80000, 0x00000000ebb80000)
  object space 42496K, 23% used [0x00000000c3200000,0x00000000c3b98408,0x00000000c5b80000)
 Metaspace       used 5552K, capacity 5922K, committed 6016K, reserved 1056768K
  class space    used 546K, capacity 639K, committed 640K, reserved 1048576K
Event: 1,977 GC heap after
Heap after GC invocations=3 (full 0):
 PSYoungGen      total 18432K, used 2076K [0x00000000ebb80000, 0x00000000edf80000, 0x0000000100000000)
  eden space 15872K, 0% used [0x00000000ebb80000,0x00000000ebb80000,0x00000000ecb00000)
  from space 2560K, 81% used [0x00000000ecb00000,0x00000000ecd07178,0x00000000ecd80000)
  to   space 2560K, 0% used [0x00000000edd00000,0x00000000edd00000,0x00000000edf80000)
 ParOldGen       total 42496K, used 12569K [0x00000000c3200000, 0x00000000c5b80000, 0x00000000ebb80000)
  object space 42496K, 29% used [0x00000000c3200000,0x00000000c3e466a0,0x00000000c5b80000)
 Metaspace       used 5552K, capacity 5922K, committed 6016K, reserved 1056768K
  class space    used 546K, capacity 639K, committed 640K, reserved 1048576K
}
Event: 2,582 GC heap before
{Heap before GC invocations=4 (full 0):
 PSYoungGen      total 18432K, used 16084K [0x00000000ebb80000, 0x00000000edf80000, 0x0000000100000000)
  eden space 15872K, 88% used [0x00000000ebb80000,0x00000000ec92e270,0x00000000ecb00000)
  from space 2560K, 81% used [0x00000000ecb00000,0x00000000ecd07178,0x00000000ecd80000)
  to   space 2560K, 0% used [0x00000000edd00000,0x00000000edd00000,0x00000000edf80000)
 ParOldGen       total 42496K, used 12569K [0x00000000c3200000, 0x00000000c5b80000, 0x00000000ebb80000)
  object space 42496K, 29% used [0x00000000c3200000,0x00000000c3e466a0,0x00000000c5b80000)
 Metaspace       used 5553K, capacity 5922K, committed 6016K, reserved 1056768K
  class space    used 546K, capacity 639K, committed 640K, reserved 1048576K
Event: 2,584 GC heap after
Heap after GC invocations=4 (full 0):
 PSYoungGen      total 34304K, used 2108K [0x00000000ebb80000, 0x00000000edf80000, 0x0000000100000000)
  eden space 31744K, 0% used [0x00000000ebb80000,0x00000000ebb80000,0x00000000eda80000)
  from space 2560K, 82% used [0x00000000edd00000,0x00000000edf0f178,0x00000000edf80000)
  to   space 2560K, 0% used [0x00000000eda80000,0x00000000eda80000,0x00000000edd00000)
 ParOldGen       total 42496K, used 12569K [0x00000000c3200000, 0x00000000c5b80000, 0x00000000ebb80000)
  object space 42496K, 29% used [0x00000000c3200000,0x00000000c3e466a0,0x00000000c5b80000)
 Metaspace       used 5553K, capacity 5922K, committed 6016K, reserved 1056768K
  class space    used 546K, capacity 639K, committed 640K, reserved 1048576K
}
Event: 3,249 GC heap before
{Heap before GC invocations=5 (full 0):
 PSYoungGen      total 34304K, used 33308K [0x00000000ebb80000, 0x00000000edf80000, 0x0000000100000000)
  eden space 31744K, 98% used [0x00000000ebb80000,0x00000000ed9f8240,0x00000000eda80000)
  from space 2560K, 82% used [0x00000000edd00000,0x00000000edf0f178,0x00000000edf80000)
  to   space 2560K, 0% used [0x00000000eda80000,0x00000000eda80000,0x00000000edd00000)
 ParOldGen       total 42496K, used 12569K [0x00000000c3200000, 0x00000000c5b80000, 0x00000000ebb80000)
  object space 42496K, 29% used [0x00000000c3200000,0x00000000c3e466a0,0x00000000c5b80000)
 Metaspace       used 5553K, capacity 5922K, committed 6016K, reserved 1056768K
  class space    used 546K, capacity 639K, committed 640K, reserved 1048576K
Event: 3,250 GC heap after
Heap after GC invocations=5 (full 0):
 PSYoungGen      total 33280K, used 736K [0x00000000ebb80000, 0x00000000ee580000, 0x0000000100000000)
  eden space 30720K, 0% used [0x00000000ebb80000,0x00000000ebb80000,0x00000000ed980000)
  from space 2560K, 28% used [0x00000000eda80000,0x00000000edb38020,0x00000000edd00000)
  to   space 6144K, 0% used [0x00000000edf80000,0x00000000edf80000,0x00000000ee580000)
 ParOldGen       total 42496K, used 12577K [0x00000000c3200000, 0x00000000c5b80000, 0x00000000ebb80000)
  object space 42496K, 29% used [0x00000000c3200000,0x00000000c3e486a0,0x00000000c5b80000)
 Metaspace       used 5553K, capacity 5922K, committed 6016K, reserved 1056768K
  class space    used 546K, capacity 639K, committed 640K, reserved 1048576K
}
Event: 3,934 GC heap before
{Heap before GC invocations=6 (full 0):
 PSYoungGen      total 33280K, used 30114K [0x00000000ebb80000, 0x00000000ee580000, 0x0000000100000000)
  eden space 30720K, 95% used [0x00000000ebb80000,0x00000000ed830a88,0x00000000ed980000)
  from space 2560K, 28% used [0x00000000eda80000,0x00000000edb38020,0x00000000edd00000)
  to   space 6144K, 0% used [0x00000000edf80000,0x00000000edf80000,0x00000000ee580000)
 ParOldGen       total 42496K, used 12577K [0x00000000c3200000, 0x00000000c5b80000, 0x00000000ebb80000)
  object space 42496K, 29% used [0x00000000c3200000,0x00000000c3e486a0,0x00000000c5b80000)
 Metaspace       used 5553K, capacity 5922K, committed 6016K, reserved 1056768K
  class space    used 546K, capacity 639K, committed 640K, reserved 1048576K
Event: 3,936 GC heap after
Heap after GC invocations=6 (full 0):
 PSYoungGen      total 35840K, used 768K [0x00000000ebb80000, 0x00000000ee500000, 0x0000000100000000)
  eden space 30208K, 0% used [0x00000000ebb80000,0x00000000ebb80000,0x00000000ed900000)
  from space 5632K, 13% used [0x00000000edf80000,0x00000000ee040020,0x00000000ee500000)
  to   space 6144K, 0% used [0x00000000ed900000,0x00000000ed900000,0x00000000edf00000)
 ParOldGen       total 42496K, used 12577K [0x00000000c3200000, 0x00000000c5b80000, 0x00000000ebb80000)
  object space 42496K, 29% used [0x00000000c3200000,0x00000000c3e486a0,0x00000000c5b80000)
 Metaspace       used 5553K, capacity 5922K, committed 6016K, reserved 1056768K
  class space    used 546K, capacity 639K, committed 640K, reserved 1048576K
}
Event: 5,167 GC heap before
{Heap before GC invocations=7 (full 0):
 PSYoungGen      total 35840K, used 30976K [0x00000000ebb80000, 0x00000000ee500000, 0x0000000100000000)
  eden space 30208K, 100% used [0x00000000ebb80000,0x00000000ed900000,0x00000000ed900000)
  from space 5632K, 13% used [0x00000000edf80000,0x00000000ee040020,0x00000000ee500000)
  to   space 6144K, 0% used [0x00000000ed900000,0x00000000ed900000,0x00000000edf00000)
 ParOldGen       total 42496K, used 12577K [0x00000000c3200000, 0x00000000c5b80000, 0x00000000ebb80000)
  object space 42496K, 29% used [0x00000000c3200000,0x00000000c3e486a0,0x00000000c5b80000)
 Metaspace       used 7699K, capacity 7948K, committed 8064K, reserved 1056768K
  class space    used 781K, capacity 852K, committed 896K, reserved 1048576K
Event: 5,170 GC heap after
Heap after GC invocations=7 (full 0):
 PSYoungGen      total 30720K, used 795K [0x00000000ebb80000, 0x00000000ee380000, 0x0000000100000000)
  eden space 29696K, 0% used [0x00000000ebb80000,0x00000000ebb80000,0x00000000ed880000)
  from space 1024K, 77% used [0x00000000ed900000,0x00000000ed9c6e20,0x00000000eda00000)
  to   space 5632K, 0% used [0x00000000ede00000,0x00000000ede00000,0x00000000ee380000)
 ParOldGen       total 42496K, used 13257K [0x00000000c3200000, 0x00000000c5b80000, 0x00000000ebb80000)
  object space 42496K, 31% used [0x00000000c3200000,0x00000000c3ef26f0,0x00000000c5b80000)
 Metaspace       used 7699K, capacity 7948K, committed 8064K, reserved 1056768K
  class space    used 781K, capacity 852K, committed 896K, reserved 1048576K
}

