# JRE version: Java(TM) SE Runtime Environment (8.0_181-b13) (build 1.8.0_181-b13)
# Java VM: Java HotSpot(TM) 64-Bit Server VM (25.181-b13 mixed mode linux-amd64 compressed oops)
Heap:
 PSYoungGen      total 18432K, used 8913K [0x00000000ebb80000, 0x00000000edd80000, 0x0000000100000000)
  eden space 15872K, 40% used [0x00000000ebb80000,0x00000000ec1b6f88,0x00000000ecb00000)
  from space 2560K, 99% used [0x00000000ecb00000,0x00000000ecd7d830,0x00000000ecd80000)
  to   space 4096K, 0% used [0x00000000ed980000,0x00000000ed980000,0x00000000edd80000)
 ParOldGen       total 42496K, used 1790K [0x00000000c3200000, 0x00000000c5b80000, 0x00000000ebb80000)
  object space 42496K, 4% used [0x00000000c3200000,0x00000000c33bf820,0x00000000c5b80000)
 Metaspace       used 8969K, capacity 9168K, committed 9216K, reserved 1056768K
  class space    used 915K, capacity 980K, committed 1024K, reserved 1048576K
GC Heap History (10 events):
Event: 0,891 GC heap before
{Heap before GC invocations=1 (full 0):
 PSYoungGen      total 18432K, used 15623K [0x00000000ebb80000, 0x00000000ed000000, 0x0000000100000000)
  eden space 15872K, 98% used [0x00000000ebb80000,0x00000000ecac1f50,0x00000000ecb00000)
  from space 2560K, 0% used [0x00000000ecd80000,0x00000000ecd80000,0x00000000ed000000)
  to   space 2560K, 0% used [0x00000000ecb00000,0x00000000ecb00000,0x00000000ecd80000)
 ParOldGen       total 42496K, used 0K [0x00000000c3200000, 0x00000000c5b80000, 0x00000000ebb80000)
  object space 42496K, 0% used [0x00000000c3200000,0x00000000c3200000,0x00000000c5b80000)
 Metaspace       used 5566K, capacity 5922K, committed 6016K, reserved 1056768K
  class space    used 546K, capacity 639K, committed 640K, reserved 1048576K
Event: 0,894 GC heap after
Heap after GC invocations=1 (full 0):
 PSYoungGen      total 18432K, used 2375K [0x00000000ebb80000, 0x00000000ed000000, 0x0000000100000000)
  eden space 15872K, 0% used [0x00000000ebb80000,0x00000000ebb80000,0x00000000ecb00000)
  from space 2560K, 92% used [0x00000000ecb00000,0x00000000ecd51cf0,0x00000000ecd80000)
  to   space 2560K, 0% used [0x00000000ecd80000,0x00000000ecd80000,0x00000000ed000000)
 ParOldGen       total 42496K, used 8K [0x00000000c3200000, 0x00000000c5b80000, 0x00000000ebb80000)
  object space 42496K, 0% used [0x00000000c3200000,0x00000000c3202000,0x00000000c5b80000)
 Metaspace       used 5566K, capacity 5922K, committed 6016K, reserved 1056768K
  class space    used 546K, capacity 639K, committed 640K, reserved 1048576K
}
Event: 1,045 GC heap before
{Heap before GC invocations=2 (full 0):
 PSYoungGen      total 18432K, used 18202K [0x00000000ebb80000, 0x00000000ed000000, 0x0000000100000000)
  eden space 15872K, 99% used [0x00000000ebb80000,0x00000000ecaf4da8,0x00000000ecb00000)
  from space 2560K, 92% used [0x00000000ecb00000,0x00000000ecd51cf0,0x00000000ecd80000)
  to   space 2560K, 0% used [0x00000000ecd80000,0x00000000ecd80000,0x00000000ed000000)
 ParOldGen       total 42496K, used 8K [0x00000000c3200000, 0x00000000c5b80000, 0x00000000ebb80000)
  object space 42496K, 0% used [0x00000000c3200000,0x00000000c3202000,0x00000000c5b80000)
 Metaspace       used 5567K, capacity 5922K, committed 6016K, reserved 1056768K
  class space    used 546K, capacity 639K, committed 640K, reserved 1048576K
Event: 1,048 GC heap after
Heap after GC invocations=2 (full 0):
 PSYoungGen      total 18432K, used 1194K [0x00000000ebb80000, 0x00000000ed000000, 0x0000000100000000)
  eden space 15872K, 0% used [0x00000000ebb80000,0x00000000ebb80000,0x00000000ecb00000)
  from space 2560K, 46% used [0x00000000ecd80000,0x00000000eceaa970,0x00000000ed000000)
  to   space 2560K, 0% used [0x00000000ecb00000,0x00000000ecb00000,0x00000000ecd80000)
 ParOldGen       total 42496K, used 8K [0x00000000c3200000, 0x00000000c5b80000, 0x00000000ebb80000)
  object space 42496K, 0% used [0x00000000c3200000,0x00000000c3202000,0x00000000c5b80000)
 Metaspace       used 5567K, capacity 5922K, committed 6016K, reserved 1056768K
  class space    used 546K, capacity 639K, committed 640K, reserved 1048576K
}
Event: 1,165 GC heap before
{Heap before GC invocations=3 (full 0):
 PSYoungGen      total 18432K, used 17066K [0x00000000ebb80000, 0x00000000ed000000, 0x0000000100000000)
  eden space 15872K, 100% used [0x00000000ebb80000,0x00000000ecb00000,0x00000000ecb00000)
  from space 2560K, 46% used [0x00000000ecd80000,0x00000000eceaa970,0x00000000ed000000)
  to   space 2560K, 0% used [0x00000000ecb00000,0x00000000ecb00000,0x00000000ecd80000)
 ParOldGen       total 42496K, used 8K [0x00000000c3200000, 0x00000000c5b80000, 0x00000000ebb80000)
  object space 42496K, 0% used [0x00000000c3200000,0x00000000c3202000,0x00000000c5b80000)
 Metaspace       used 5578K, capacity 5922K, committed 6016K, reserved 1056768K
  class space    used 546K, capacity 639K, committed 640K, reserved 1048576K
Event: 1,167 GC heap after
Heap after GC invocations=3 (full 0):
 PSYoungGen      total 18432K, used 1874K [0x00000000ebb80000, 0x00000000edf80000, 0x0000000100000000)
  eden space 15872K, 0% used [0x00000000ebb80000,0x00000000ebb80000,0x00000000ecb00000)
  from space 2560K, 73% used [0x00000000ecb00000,0x00000000eccd4b90,0x00000000ecd80000)
  to   space 2560K, 0% used [0x00000000edd00000,0x00000000edd00000,0x00000000edf80000)
 ParOldGen       total 42496K, used 16K [0x00000000c3200000, 0x00000000c5b80000, 0x00000000ebb80000)
  object space 42496K, 0% used [0x00000000c3200000,0x00000000c3204000,0x00000000c5b80000)
 Metaspace       used 5578K, capacity 5922K, committed 6016K, reserved 1056768K
  class space    used 546K, capacity 639K, committed 640K, reserved 1048576K
}
Event: 3,455 GC heap before
{Heap before GC invocations=4 (full 0):
 PSYoungGen      total 18432K, used 17746K [0x00000000ebb80000, 0x00000000edf80000, 0x0000000100000000)
  eden space 15872K, 100% used [0x00000000ebb80000,0x00000000ecb00000,0x00000000ecb00000)
  from space 2560K, 73% used [0x00000000ecb00000,0x00000000eccd4b90,0x00000000ecd80000)
  to   space 2560K, 0% used [0x00000000edd00000,0x00000000edd00000,0x00000000edf80000)
 ParOldGen       total 42496K, used 16K [0x00000000c3200000, 0x00000000c5b80000, 0x00000000ebb80000)
  object space 42496K, 0% used [0x00000000c3200000,0x00000000c3204000,0x00000000c5b80000)
 Metaspace       used 8499K, capacity 8750K, committed 8960K, reserved 1056768K
  class space    used 890K, capacity 963K, committed 1024K, reserved 1048576K
Event: 3,460 GC heap after
Heap after GC invocations=4 (full 0):
 PSYoungGen      total 18432K, used 2059K [0x00000000ebb80000, 0x00000000edf80000, 0x0000000100000000)
  eden space 15872K, 0% used [0x00000000ebb80000,0x00000000ebb80000,0x00000000ecb00000)
  from space 2560K, 80% used [0x00000000edd00000,0x00000000edf02d20,0x00000000edf80000)
  to   space 2560K, 0% used [0x00000000ecb00000,0x00000000ecb00000,0x00000000ecd80000)
 ParOldGen       total 42496K, used 24K [0x00000000c3200000, 0x00000000c5b80000, 0x00000000ebb80000)
  object space 42496K, 0% used [0x00000000c3200000,0x00000000c3206000,0x00000000c5b80000)
 Metaspace       used 8499K, capacity 8750K, committed 8960K, reserved 1056768K
  class space    used 890K, capacity 963K, committed 1024K, reserved 1048576K
}
Event: 52,823 GC heap before
{Heap before GC invocations=5 (full 0):
 PSYoungGen      total 18432K, used 17931K [0x00000000ebb80000, 0x00000000edf80000, 0x0000000100000000)
  eden space 15872K, 100% used [0x00000000ebb80000,0x00000000ecb00000,0x00000000ecb00000)
  from space 2560K, 80% used [0x00000000edd00000,0x00000000edf02d20,0x00000000edf80000)
  to   space 2560K, 0% used [0x00000000ecb00000,0x00000000ecb00000,0x00000000ecd80000)
 ParOldGen       total 42496K, used 24K [0x00000000c3200000, 0x00000000c5b80000, 0x00000000ebb80000)
  object space 42496K, 0% used [0x00000000c3200000,0x00000000c3206000,0x00000000c5b80000)
 Metaspace       used 8931K, capacity 9162K, committed 9216K, reserved 1056768K
  class space    used 910K, capacity 979K, committed 1024K, reserved 1048576K
Event: 52,828 GC heap after
Heap after GC invocations=5 (full 0):
 PSYoungGen      total 18432K, used 2550K [0x00000000ebb80000, 0x00000000edd80000, 0x0000000100000000)
  eden space 15872K, 0% used [0x00000000ebb80000,0x00000000ebb80000,0x00000000ecb00000)
  from space 2560K, 99% used [0x00000000ecb00000,0x00000000ecd7d830,0x00000000ecd80000)
  to   space 4096K, 0% used [0x00000000ed980000,0x00000000ed980000,0x00000000edd80000)
 ParOldGen       total 42496K, used 1790K [0x00000000c3200000, 0x00000000c5b80000, 0x00000000ebb80000)
  object space 42496K, 4% used [0x00000000c3200000,0x00000000c33bf820,0x00000000c5b80000)
 Metaspace       used 8931K, capacity 9162K, committed 9216K, reserved 1056768K
  class space    used 910K, capacity 979K, committed 1024K, reserved 1048576K
}

