# JRE version: Java(TM) SE Runtime Environment (8.0_181-b13) (build 1.8.0_181-b13)
# Java VM: Java HotSpot(TM) 64-Bit Server VM (25.181-b13 mixed mode linux-amd64 compressed oops)
Heap:
 PSYoungGen      total 17920K, used 4006K [0x00000000ebb80000, 0x00000000edf00000, 0x0000000100000000)
  eden space 15872K, 12% used [0x00000000ebb80000,0x00000000ebd6eab8,0x00000000ecb00000)
  from space 2048K, 98% used [0x00000000edd00000,0x00000000edefae08,0x00000000edf00000)
  to   space 2560K, 0% used [0x00000000eda00000,0x00000000eda00000,0x00000000edc80000)
 ParOldGen       total 42496K, used 16K [0x00000000c3200000, 0x00000000c5b80000, 0x00000000ebb80000)
  object space 42496K, 0% used [0x00000000c3200000,0x00000000c3204000,0x00000000c5b80000)
 Metaspace       used 8821K, capacity 9022K, committed 9216K, reserved 1056768K
  class space    used 912K, capacity 977K, committed 1024K, reserved 1048576K
GC Heap History (8 events):
Event: 0,681 GC heap before
{Heap before GC invocations=1 (full 0):
 PSYoungGen      total 18432K, used 15617K [0x00000000ebb80000, 0x00000000ed000000, 0x0000000100000000)
  eden space 15872K, 98% used [0x00000000ebb80000,0x00000000ecac0658,0x00000000ecb00000)
  from space 2560K, 0% used [0x00000000ecd80000,0x00000000ecd80000,0x00000000ed000000)
  to   space 2560K, 0% used [0x00000000ecb00000,0x00000000ecb00000,0x00000000ecd80000)
 ParOldGen       total 42496K, used 0K [0x00000000c3200000, 0x00000000c5b80000, 0x00000000ebb80000)
  object space 42496K, 0% used [0x00000000c3200000,0x00000000c3200000,0x00000000c5b80000)
 Metaspace       used 5565K, capacity 5922K, committed 6016K, reserved 1056768K
  class space    used 546K, capacity 639K, committed 640K, reserved 1048576K
Event: 0,684 GC heap after
Heap after GC invocations=1 (full 0):
 PSYoungGen      total 18432K, used 2371K [0x00000000ebb80000, 0x00000000ed000000, 0x0000000100000000)
  eden space 15872K, 0% used [0x00000000ebb80000,0x00000000ebb80000,0x00000000ecb00000)
  from space 2560K, 92% used [0x00000000ecb00000,0x00000000ecd50f98,0x00000000ecd80000)
  to   space 2560K, 0% used [0x00000000ecd80000,0x00000000ecd80000,0x00000000ed000000)
 ParOldGen       total 42496K, used 8K [0x00000000c3200000, 0x00000000c5b80000, 0x00000000ebb80000)
  object space 42496K, 0% used [0x00000000c3200000,0x00000000c3202000,0x00000000c5b80000)
 Metaspace       used 5565K, capacity 5922K, committed 6016K, reserved 1056768K
  class space    used 546K, capacity 639K, committed 640K, reserved 1048576K
}
Event: 0,816 GC heap before
{Heap before GC invocations=2 (full 0):
 PSYoungGen      total 18432K, used 18199K [0x00000000ebb80000, 0x00000000ed000000, 0x0000000100000000)
  eden space 15872K, 99% used [0x00000000ebb80000,0x00000000ecaf4e00,0x00000000ecb00000)
  from space 2560K, 92% used [0x00000000ecb00000,0x00000000ecd50f98,0x00000000ecd80000)
  to   space 2560K, 0% used [0x00000000ecd80000,0x00000000ecd80000,0x00000000ed000000)
 ParOldGen       total 42496K, used 8K [0x00000000c3200000, 0x00000000c5b80000, 0x00000000ebb80000)
  object space 42496K, 0% used [0x00000000c3200000,0x00000000c3202000,0x00000000c5b80000)
 Metaspace       used 5567K, capacity 5922K, committed 6016K, reserved 1056768K
  class space    used 546K, capacity 639K, committed 640K, reserved 1048576K
Event: 0,818 GC heap after
Heap after GC invocations=2 (full 0):
 PSYoungGen      total 18432K, used 1146K [0x00000000ebb80000, 0x00000000ed000000, 0x0000000100000000)
  eden space 15872K, 0% used [0x00000000ebb80000,0x00000000ebb80000,0x00000000ecb00000)
  from space 2560K, 44% used [0x00000000ecd80000,0x00000000ece9e960,0x00000000ed000000)
  to   space 2560K, 0% used [0x00000000ecb00000,0x00000000ecb00000,0x00000000ecd80000)
 ParOldGen       total 42496K, used 8K [0x00000000c3200000, 0x00000000c5b80000, 0x00000000ebb80000)
  object space 42496K, 0% used [0x00000000c3200000,0x00000000c3202000,0x00000000c5b80000)
 Metaspace       used 5567K, capacity 5922K, committed 6016K, reserved 1056768K
  class space    used 546K, capacity 639K, committed 640K, reserved 1048576K
}
Event: 0,923 GC heap before
{Heap before GC invocations=3 (full 0):
 PSYoungGen      total 18432K, used 17018K [0x00000000ebb80000, 0x00000000ed000000, 0x0000000100000000)
  eden space 15872K, 100% used [0x00000000ebb80000,0x00000000ecb00000,0x00000000ecb00000)
  from space 2560K, 44% used [0x00000000ecd80000,0x00000000ece9e960,0x00000000ed000000)
  to   space 2560K, 0% used [0x00000000ecb00000,0x00000000ecb00000,0x00000000ecd80000)
 ParOldGen       total 42496K, used 8K [0x00000000c3200000, 0x00000000c5b80000, 0x00000000ebb80000)
  object space 42496K, 0% used [0x00000000c3200000,0x00000000c3202000,0x00000000c5b80000)
 Metaspace       used 5577K, capacity 5922K, committed 6016K, reserved 1056768K
  class space    used 546K, capacity 639K, committed 640K, reserved 1048576K
Event: 0,925 GC heap after
Heap after GC invocations=3 (full 0):
 PSYoungGen      total 18432K, used 1858K [0x00000000ebb80000, 0x00000000edf80000, 0x0000000100000000)
  eden space 15872K, 0% used [0x00000000ebb80000,0x00000000ebb80000,0x00000000ecb00000)
  from space 2560K, 72% used [0x00000000ecb00000,0x00000000eccd0b80,0x00000000ecd80000)
  to   space 2560K, 0% used [0x00000000edd00000,0x00000000edd00000,0x00000000edf80000)
 ParOldGen       total 42496K, used 8K [0x00000000c3200000, 0x00000000c5b80000, 0x00000000ebb80000)
  object space 42496K, 0% used [0x00000000c3200000,0x00000000c3202000,0x00000000c5b80000)
 Metaspace       used 5577K, capacity 5922K, committed 6016K, reserved 1056768K
  class space    used 546K, capacity 639K, committed 640K, reserved 1048576K
}
Event: 3,257 GC heap before
{Heap before GC invocations=4 (full 0):
 PSYoungGen      total 18432K, used 17730K [0x00000000ebb80000, 0x00000000edf80000, 0x0000000100000000)
  eden space 15872K, 100% used [0x00000000ebb80000,0x00000000ecb00000,0x00000000ecb00000)
  from space 2560K, 72% used [0x00000000ecb00000,0x00000000eccd0b80,0x00000000ecd80000)
  to   space 2560K, 0% used [0x00000000edd00000,0x00000000edd00000,0x00000000edf80000)
 ParOldGen       total 42496K, used 8K [0x00000000c3200000, 0x00000000c5b80000, 0x00000000ebb80000)
  object space 42496K, 0% used [0x00000000c3200000,0x00000000c3202000,0x00000000c5b80000)
 Metaspace       used 8562K, capacity 8780K, committed 8960K, reserved 1056768K
  class space    used 898K, capacity 968K, committed 1024K, reserved 1048576K
Event: 3,265 GC heap after
Heap after GC invocations=4 (full 0):
 PSYoungGen      total 17920K, used 2027K [0x00000000ebb80000, 0x00000000edf00000, 0x0000000100000000)
  eden space 15872K, 0% used [0x00000000ebb80000,0x00000000ebb80000,0x00000000ecb00000)
  from space 2048K, 98% used [0x00000000edd00000,0x00000000edefae08,0x00000000edf00000)
  to   space 2560K, 0% used [0x00000000eda00000,0x00000000eda00000,0x00000000edc80000)
 ParOldGen       total 42496K, used 16K [0x00000000c3200000, 0x00000000c5b80000, 0x00000000ebb80000)
  object space 42496K, 0% used [0x00000000c3200000,0x00000000c3204000,0x00000000c5b80000)
 Metaspace       used 8562K, capacity 8780K, committed 8960K, reserved 1056768K
  class space    used 898K, capacity 968K, committed 1024K, reserved 1048576K
}

