# JRE version: Java(TM) SE Runtime Environment (8.0_181-b13) (build 1.8.0_181-b13)
# Java VM: Java HotSpot(TM) 64-Bit Server VM (25.181-b13 mixed mode linux-amd64 compressed oops)
Heap:
 PSYoungGen      total 34304K, used 12240K [0x00000000ebb80000, 0x00000000edf80000, 0x0000000100000000)
  eden space 31744K, 31% used [0x00000000ebb80000,0x00000000ec565488,0x00000000eda80000)
  from space 2560K, 82% used [0x00000000edd00000,0x00000000edf0ed30,0x00000000edf80000)
  to   space 2560K, 0% used [0x00000000eda80000,0x00000000eda80000,0x00000000edd00000)
 ParOldGen       total 42496K, used 16K [0x00000000c3200000, 0x00000000c5b80000, 0x00000000ebb80000)
  object space 42496K, 0% used [0x00000000c3200000,0x00000000c3204000,0x00000000c5b80000)
 Metaspace       used 8997K, capacity 9256K, committed 9472K, reserved 1058816K
  class space    used 919K, capacity 1012K, committed 1024K, reserved 1048576K
GC Heap History (8 events):
Event: 0,861 GC heap before
{Heap before GC invocations=1 (full 0):
 PSYoungGen      total 18432K, used 15617K [0x00000000ebb80000, 0x00000000ed000000, 0x0000000100000000)
  eden space 15872K, 98% used [0x00000000ebb80000,0x00000000ecac06a8,0x00000000ecb00000)
  from space 2560K, 0% used [0x00000000ecd80000,0x00000000ecd80000,0x00000000ed000000)
  to   space 2560K, 0% used [0x00000000ecb00000,0x00000000ecb00000,0x00000000ecd80000)
 ParOldGen       total 42496K, used 0K [0x00000000c3200000, 0x00000000c5b80000, 0x00000000ebb80000)
  object space 42496K, 0% used [0x00000000c3200000,0x00000000c3200000,0x00000000c5b80000)
 Metaspace       used 5551K, capacity 5922K, committed 6016K, reserved 1056768K
  class space    used 546K, capacity 639K, committed 640K, reserved 1048576K
Event: 0,864 GC heap after
Heap after GC invocations=1 (full 0):
 PSYoungGen      total 18432K, used 2343K [0x00000000ebb80000, 0x00000000ed000000, 0x0000000100000000)
  eden space 15872K, 0% used [0x00000000ebb80000,0x00000000ebb80000,0x00000000ecb00000)
  from space 2560K, 91% used [0x00000000ecb00000,0x00000000ecd49cf0,0x00000000ecd80000)
  to   space 2560K, 0% used [0x00000000ecd80000,0x00000000ecd80000,0x00000000ed000000)
 ParOldGen       total 42496K, used 8K [0x00000000c3200000, 0x00000000c5b80000, 0x00000000ebb80000)
  object space 42496K, 0% used [0x00000000c3200000,0x00000000c3202000,0x00000000c5b80000)
 Metaspace       used 5551K, capacity 5922K, committed 6016K, reserved 1056768K
  class space    used 546K, capacity 639K, committed 640K, reserved 1048576K
}
Event: 0,995 GC heap before
{Heap before GC invocations=2 (full 0):
 PSYoungGen      total 18432K, used 18170K [0x00000000ebb80000, 0x00000000ed000000, 0x0000000100000000)
  eden space 15872K, 99% used [0x00000000ebb80000,0x00000000ecaf4e00,0x00000000ecb00000)
  from space 2560K, 91% used [0x00000000ecb00000,0x00000000ecd49cf0,0x00000000ecd80000)
  to   space 2560K, 0% used [0x00000000ecd80000,0x00000000ecd80000,0x00000000ed000000)
 ParOldGen       total 42496K, used 8K [0x00000000c3200000, 0x00000000c5b80000, 0x00000000ebb80000)
  object space 42496K, 0% used [0x00000000c3200000,0x00000000c3202000,0x00000000c5b80000)
 Metaspace       used 5552K, capacity 5922K, committed 6016K, reserved 1056768K
  class space    used 546K, capacity 639K, committed 640K, reserved 1048576K
Event: 0,997 GC heap after
Heap after GC invocations=2 (full 0):
 PSYoungGen      total 18432K, used 1162K [0x00000000ebb80000, 0x00000000ed000000, 0x0000000100000000)
  eden space 15872K, 0% used [0x00000000ebb80000,0x00000000ebb80000,0x00000000ecb00000)
  from space 2560K, 45% used [0x00000000ecd80000,0x00000000ecea2970,0x00000000ed000000)
  to   space 2560K, 0% used [0x00000000ecb00000,0x00000000ecb00000,0x00000000ecd80000)
 ParOldGen       total 42496K, used 8K [0x00000000c3200000, 0x00000000c5b80000, 0x00000000ebb80000)
  object space 42496K, 0% used [0x00000000c3200000,0x00000000c3202000,0x00000000c5b80000)
 Metaspace       used 5552K, capacity 5922K, committed 6016K, reserved 1056768K
  class space    used 546K, capacity 639K, committed 640K, reserved 1048576K
}
Event: 1,099 GC heap before
{Heap before GC invocations=3 (full 0):
 PSYoungGen      total 18432K, used 17034K [0x00000000ebb80000, 0x00000000ed000000, 0x0000000100000000)
  eden space 15872K, 100% used [0x00000000ebb80000,0x00000000ecb00000,0x00000000ecb00000)
  from space 2560K, 45% used [0x00000000ecd80000,0x00000000ecea2970,0x00000000ed000000)
  to   space 2560K, 0% used [0x00000000ecb00000,0x00000000ecb00000,0x00000000ecd80000)
 ParOldGen       total 42496K, used 8K [0x00000000c3200000, 0x00000000c5b80000, 0x00000000ebb80000)
  object space 42496K, 0% used [0x00000000c3200000,0x00000000c3202000,0x00000000c5b80000)
 Metaspace       used 5563K, capacity 5922K, committed 6016K, reserved 1056768K
  class space    used 546K, capacity 639K, committed 640K, reserved 1048576K
Event: 1,101 GC heap after
Heap after GC invocations=3 (full 0):
 PSYoungGen      total 18432K, used 1906K [0x00000000ebb80000, 0x00000000edf80000, 0x0000000100000000)
  eden space 15872K, 0% used [0x00000000ebb80000,0x00000000ebb80000,0x00000000ecb00000)
  from space 2560K, 74% used [0x00000000ecb00000,0x00000000eccdcb70,0x00000000ecd80000)
  to   space 2560K, 0% used [0x00000000edd00000,0x00000000edd00000,0x00000000edf80000)
 ParOldGen       total 42496K, used 8K [0x00000000c3200000, 0x00000000c5b80000, 0x00000000ebb80000)
  object space 42496K, 0% used [0x00000000c3200000,0x00000000c3202000,0x00000000c5b80000)
 Metaspace       used 5563K, capacity 5922K, committed 6016K, reserved 1056768K
  class space    used 546K, capacity 639K, committed 640K, reserved 1048576K
}
Event: 3,380 GC heap before
{Heap before GC invocations=4 (full 0):
 PSYoungGen      total 18432K, used 17778K [0x00000000ebb80000, 0x00000000edf80000, 0x0000000100000000)
  eden space 15872K, 100% used [0x00000000ebb80000,0x00000000ecb00000,0x00000000ecb00000)
  from space 2560K, 74% used [0x00000000ecb00000,0x00000000eccdcb70,0x00000000ecd80000)
  to   space 2560K, 0% used [0x00000000edd00000,0x00000000edd00000,0x00000000edf80000)
 ParOldGen       total 42496K, used 8K [0x00000000c3200000, 0x00000000c5b80000, 0x00000000ebb80000)
  object space 42496K, 0% used [0x00000000c3200000,0x00000000c3202000,0x00000000c5b80000)
 Metaspace       used 8559K, capacity 8772K, committed 8960K, reserved 1056768K
  class space    used 898K, capacity 968K, committed 1024K, reserved 1048576K
Event: 3,391 GC heap after
Heap after GC invocations=4 (full 0):
 PSYoungGen      total 34304K, used 2107K [0x00000000ebb80000, 0x00000000edf80000, 0x0000000100000000)
  eden space 31744K, 0% used [0x00000000ebb80000,0x00000000ebb80000,0x00000000eda80000)
  from space 2560K, 82% used [0x00000000edd00000,0x00000000edf0ed30,0x00000000edf80000)
  to   space 2560K, 0% used [0x00000000eda80000,0x00000000eda80000,0x00000000edd00000)
 ParOldGen       total 42496K, used 16K [0x00000000c3200000, 0x00000000c5b80000, 0x00000000ebb80000)
  object space 42496K, 0% used [0x00000000c3200000,0x00000000c3204000,0x00000000c5b80000)
 Metaspace       used 8559K, capacity 8772K, committed 8960K, reserved 1056768K
  class space    used 898K, capacity 968K, committed 1024K, reserved 1048576K
}

