# JRE version: Java(TM) SE Runtime Environment (8.0_181-b13) (build 1.8.0_181-b13)
# Java VM: Java HotSpot(TM) 64-Bit Server VM (25.181-b13 mixed mode linux-amd64 compressed oops)
Heap:
 PSYoungGen      total 18432K, used 12054K [0x00000000ebb80000, 0x00000000edf80000, 0x0000000100000000)
  eden space 15872K, 62% used [0x00000000ebb80000,0x00000000ec542a78,0x00000000ecb00000)
  from space 2560K, 80% used [0x00000000edd00000,0x00000000edf02e08,0x00000000edf80000)
  to   space 2560K, 0% used [0x00000000ecb00000,0x00000000ecb00000,0x00000000ecd80000)
 ParOldGen       total 42496K, used 24K [0x00000000c3200000, 0x00000000c5b80000, 0x00000000ebb80000)
  object space 42496K, 0% used [0x00000000c3200000,0x00000000c3206000,0x00000000c5b80000)
 Metaspace       used 9036K, capacity 9264K, committed 9472K, reserved 1058816K
  class space    used 919K, capacity 1012K, committed 1024K, reserved 1048576K
GC Heap History (8 events):
Event: 0,983 GC heap before
{Heap before GC invocations=1 (full 0):
 PSYoungGen      total 18432K, used 15617K [0x00000000ebb80000, 0x00000000ed000000, 0x0000000100000000)
  eden space 15872K, 98% used [0x00000000ebb80000,0x00000000ecac0658,0x00000000ecb00000)
  from space 2560K, 0% used [0x00000000ecd80000,0x00000000ecd80000,0x00000000ed000000)
  to   space 2560K, 0% used [0x00000000ecb00000,0x00000000ecb00000,0x00000000ecd80000)
 ParOldGen       total 42496K, used 0K [0x00000000c3200000, 0x00000000c5b80000, 0x00000000ebb80000)
  object space 42496K, 0% used [0x00000000c3200000,0x00000000c3200000,0x00000000c5b80000)
 Metaspace       used 5569K, capacity 5922K, committed 6016K, reserved 1056768K
  class space    used 546K, capacity 639K, committed 640K, reserved 1048576K
Event: 0,988 GC heap after
Heap after GC invocations=1 (full 0):
 PSYoungGen      total 18432K, used 2403K [0x00000000ebb80000, 0x00000000ed000000, 0x0000000100000000)
  eden space 15872K, 0% used [0x00000000ebb80000,0x00000000ebb80000,0x00000000ecb00000)
  from space 2560K, 93% used [0x00000000ecb00000,0x00000000ecd58f98,0x00000000ecd80000)
  to   space 2560K, 0% used [0x00000000ecd80000,0x00000000ecd80000,0x00000000ed000000)
 ParOldGen       total 42496K, used 8K [0x00000000c3200000, 0x00000000c5b80000, 0x00000000ebb80000)
  object space 42496K, 0% used [0x00000000c3200000,0x00000000c3202000,0x00000000c5b80000)
 Metaspace       used 5569K, capacity 5922K, committed 6016K, reserved 1056768K
  class space    used 546K, capacity 639K, committed 640K, reserved 1048576K
}
Event: 1,117 GC heap before
{Heap before GC invocations=2 (full 0):
 PSYoungGen      total 18432K, used 18231K [0x00000000ebb80000, 0x00000000ed000000, 0x0000000100000000)
  eden space 15872K, 99% used [0x00000000ebb80000,0x00000000ecaf4e00,0x00000000ecb00000)
  from space 2560K, 93% used [0x00000000ecb00000,0x00000000ecd58f98,0x00000000ecd80000)
  to   space 2560K, 0% used [0x00000000ecd80000,0x00000000ecd80000,0x00000000ed000000)
 ParOldGen       total 42496K, used 8K [0x00000000c3200000, 0x00000000c5b80000, 0x00000000ebb80000)
  object space 42496K, 0% used [0x00000000c3200000,0x00000000c3202000,0x00000000c5b80000)
 Metaspace       used 5571K, capacity 5922K, committed 6016K, reserved 1056768K
  class space    used 546K, capacity 639K, committed 640K, reserved 1048576K
Event: 1,119 GC heap after
Heap after GC invocations=2 (full 0):
 PSYoungGen      total 18432K, used 1162K [0x00000000ebb80000, 0x00000000ed000000, 0x0000000100000000)
  eden space 15872K, 0% used [0x00000000ebb80000,0x00000000ebb80000,0x00000000ecb00000)
  from space 2560K, 45% used [0x00000000ecd80000,0x00000000ecea2970,0x00000000ed000000)
  to   space 2560K, 0% used [0x00000000ecb00000,0x00000000ecb00000,0x00000000ecd80000)
 ParOldGen       total 42496K, used 8K [0x00000000c3200000, 0x00000000c5b80000, 0x00000000ebb80000)
  object space 42496K, 0% used [0x00000000c3200000,0x00000000c3202000,0x00000000c5b80000)
 Metaspace       used 5571K, capacity 5922K, committed 6016K, reserved 1056768K
  class space    used 546K, capacity 639K, committed 640K, reserved 1048576K
}
Event: 1,216 GC heap before
{Heap before GC invocations=3 (full 0):
 PSYoungGen      total 18432K, used 17034K [0x00000000ebb80000, 0x00000000ed000000, 0x0000000100000000)
  eden space 15872K, 100% used [0x00000000ebb80000,0x00000000ecb00000,0x00000000ecb00000)
  from space 2560K, 45% used [0x00000000ecd80000,0x00000000ecea2970,0x00000000ed000000)
  to   space 2560K, 0% used [0x00000000ecb00000,0x00000000ecb00000,0x00000000ecd80000)
 ParOldGen       total 42496K, used 8K [0x00000000c3200000, 0x00000000c5b80000, 0x00000000ebb80000)
  object space 42496K, 0% used [0x00000000c3200000,0x00000000c3202000,0x00000000c5b80000)
 Metaspace       used 5581K, capacity 5922K, committed 6016K, reserved 1056768K
  class space    used 546K, capacity 639K, committed 640K, reserved 1048576K
Event: 1,218 GC heap after
Heap after GC invocations=3 (full 0):
 PSYoungGen      total 18432K, used 1842K [0x00000000ebb80000, 0x00000000edf80000, 0x0000000100000000)
  eden space 15872K, 0% used [0x00000000ebb80000,0x00000000ebb80000,0x00000000ecb00000)
  from space 2560K, 71% used [0x00000000ecb00000,0x00000000eccccb70,0x00000000ecd80000)
  to   space 2560K, 0% used [0x00000000edd00000,0x00000000edd00000,0x00000000edf80000)
 ParOldGen       total 42496K, used 16K [0x00000000c3200000, 0x00000000c5b80000, 0x00000000ebb80000)
  object space 42496K, 0% used [0x00000000c3200000,0x00000000c3204000,0x00000000c5b80000)
 Metaspace       used 5581K, capacity 5922K, committed 6016K, reserved 1056768K
  class space    used 546K, capacity 639K, committed 640K, reserved 1048576K
}
Event: 10,564 GC heap before
{Heap before GC invocations=4 (full 0):
 PSYoungGen      total 18432K, used 17714K [0x00000000ebb80000, 0x00000000edf80000, 0x0000000100000000)
  eden space 15872K, 100% used [0x00000000ebb80000,0x00000000ecb00000,0x00000000ecb00000)
  from space 2560K, 71% used [0x00000000ecb00000,0x00000000eccccb70,0x00000000ecd80000)
  to   space 2560K, 0% used [0x00000000edd00000,0x00000000edd00000,0x00000000edf80000)
 ParOldGen       total 42496K, used 16K [0x00000000c3200000, 0x00000000c5b80000, 0x00000000ebb80000)
  object space 42496K, 0% used [0x00000000c3200000,0x00000000c3204000,0x00000000c5b80000)
 Metaspace       used 8555K, capacity 8768K, committed 8960K, reserved 1056768K
  class space    used 896K, capacity 966K, committed 1024K, reserved 1048576K
Event: 10,568 GC heap after
Heap after GC invocations=4 (full 0):
 PSYoungGen      total 18432K, used 2059K [0x00000000ebb80000, 0x00000000edf80000, 0x0000000100000000)
  eden space 15872K, 0% used [0x00000000ebb80000,0x00000000ebb80000,0x00000000ecb00000)
  from space 2560K, 80% used [0x00000000edd00000,0x00000000edf02e08,0x00000000edf80000)
  to   space 2560K, 0% used [0x00000000ecb00000,0x00000000ecb00000,0x00000000ecd80000)
 ParOldGen       total 42496K, used 24K [0x00000000c3200000, 0x00000000c5b80000, 0x00000000ebb80000)
  object space 42496K, 0% used [0x00000000c3200000,0x00000000c3206000,0x00000000c5b80000)
 Metaspace       used 8555K, capacity 8768K, committed 8960K, reserved 1056768K
  class space    used 896K, capacity 966K, committed 1024K, reserved 1048576K
}

